<?xml version="1.0" encoding="UTF-8"?>
<testsuite xmlns:xsi="http://www.w3.org/2001/XMLSchema-instance" xsi:noNamespaceSchemaLocation="https://maven.apache.org/surefire/maven-surefire-plugin/xsd/surefire-test-report-3.0.xsd" version="3.0" name="TestSuite" time="12.371" tests="4" errors="0" skipped="0" failures="0">
  <properties>
[...]
</properties>
  <testcase name="loginAsManger" classname="com.TRY.testcases.LoginTest" time="0.273">
    <system-out><![CDATA[[INFO ] 2021-06-20 15:35:31.463 [main] Base - Config properties loaded
[INFO ] 2021-06-20 15:35:31.479 [main] Base - OR properties loaded
[INFO ] 2021-06-20 15:35:36.442 [main] Base - Firefox browser ready
on startorg.testng.TestRunner@714f3da4
]]></system-out>
    <system-err><![CDATA[1624183531975	geckodriver	INFO	Listening on 127.0.0.1:46697
1624183532635	mozrunner::runner	INFO	Running command: "C:\\Program Files\\Mozilla Firefox\\firefox.exe" "--marionette" "-foreground" "-no-remote" "-profile" "C:\\Users\\arunk\\AppData\\Local\\Temp\\rust_mozprofileEGo7Xj"
1624183533106	Marionette	INFO	Marionette enabled
console.warn: SearchSettings: "get: No settings file exists, new profile?" (new NotFoundError("Could not open the file at C:\\Users\\arunk\\AppData\\Local\\Temp\\rust_mozprofileEGo7Xj\\search.json.mozlz4", (void 0)))
1624183536125	Marionette	INFO	Listening on port 60979
1624183536342	Marionette	WARN	TLS certificate errors will be ignored for this session
Jun 20, 2021 3:35:36 PM org.openqa.selenium.remote.ProtocolHandshake createSession
INFO: Detected dialect: W3C
]]></system-err>
  </testcase>
  <testcase name="addCustomer[Arun, HOPE, 673634.0, Customer added successfully with customer id :](1)" classname="com.TRY.testcases.AddCustomerTest" time="0.318">
    <system-out><![CDATA[DEBUG   16241   [freemark] (): Couldn't find template in cache for "spark/spark.spa.ftl"("en_IN", UTF-8, parsed); will try to load it.
DEBUG   16241   [freemark] (): TemplateLoader.findTemplateSource("spark/spark.spa_en_IN.ftl"): Not found
DEBUG   16241   [freemark] (): TemplateLoader.findTemplateSource("spark/spark.spa_en.ftl"): Not found
DEBUG   16241   [freemark] (): TemplateLoader.findTemplateSource("spark/spark.spa.ftl"): Found
DEBUG   16241   [freemark] (): Loading template for "spark/spark.spa.ftl"("en_IN", UTF-8, parsed) from "jar:file:/C:/Users/arunk/.m2/repository/com/aventstack/extentreports/5.0.1/extentreports-5.0.1.jar!/com/aventstack/extentreports/templates/spark/spark.spa.ftl"
DEBUG   16241   [freemark] (): Couldn't find template in cache for "commons/commons-variables.ftl"("en_IN", UTF-8, parsed); will try to load it.
DEBUG   16241   [freemark] (): TemplateLoader.findTemplateSource("commons/commons-variables_en_IN.ftl"): Not found
DEBUG   16241   [freemark] (): TemplateLoader.findTemplateSource("commons/commons-variables_en.ftl"): Not found
DEBUG   16241   [freemark] (): TemplateLoader.findTemplateSource("commons/commons-variables.ftl"): Found
DEBUG   16241   [freemark] (): Loading template for "commons/commons-variables.ftl"("en_IN", UTF-8, parsed) from "jar:file:/C:/Users/arunk/.m2/repository/com/aventstack/extentreports/5.0.1/extentreports-5.0.1.jar!/com/aventstack/extentreports/templates/commons/commons-variables.ftl"
DEBUG   16241   [freemark] (): Couldn't find template in cache for "commons/commons-macros.ftl"("en_IN", UTF-8, parsed); will try to load it.
DEBUG   16241   [freemark] (): TemplateLoader.findTemplateSource("commons/commons-macros_en_IN.ftl"): Not found
DEBUG   16241   [freemark] (): TemplateLoader.findTemplateSource("commons/commons-macros_en.ftl"): Not found
DEBUG   16241   [freemark] (): TemplateLoader.findTemplateSource("commons/commons-macros.ftl"): Found
DEBUG   16241   [freemark] (): Loading template for "commons/commons-macros.ftl"("en_IN", UTF-8, parsed) from "jar:file:/C:/Users/arunk/.m2/repository/com/aventstack/extentreports/5.0.1/extentreports-5.0.1.jar!/com/aventstack/extentreports/templates/commons/commons-macros.ftl"
DEBUG   16241   [freemark] (): Couldn't find template in cache for "spark/macros/attributes.ftl"("en_IN", UTF-8, parsed); will try to load it.
DEBUG   16241   [freemark] (): TemplateLoader.findTemplateSource("spark/macros/attributes_en_IN.ftl"): Not found
DEBUG   16241   [freemark] (): TemplateLoader.findTemplateSource("spark/macros/attributes_en.ftl"): Not found
DEBUG   16241   [freemark] (): TemplateLoader.findTemplateSource("spark/macros/attributes.ftl"): Found
DEBUG   16241   [freemark] (): Loading template for "spark/macros/attributes.ftl"("en_IN", UTF-8, parsed) from "jar:file:/C:/Users/arunk/.m2/repository/com/aventstack/extentreports/5.0.1/extentreports-5.0.1.jar!/com/aventstack/extentreports/templates/spark/macros/attributes.ftl"
DEBUG   16241   [freemark] (): Couldn't find template in cache for "spark/macros/log.ftl"("en_IN", UTF-8, parsed); will try to load it.
DEBUG   16241   [freemark] (): TemplateLoader.findTemplateSource("spark/macros/log_en_IN.ftl"): Not found
DEBUG   16241   [freemark] (): TemplateLoader.findTemplateSource("spark/macros/log_en.ftl"): Not found
DEBUG   16241   [freemark] (): TemplateLoader.findTemplateSource("spark/macros/log.ftl"): Found
DEBUG   16241   [freemark] (): Loading template for "spark/macros/log.ftl"("en_IN", UTF-8, parsed) from "jar:file:/C:/Users/arunk/.m2/repository/com/aventstack/extentreports/5.0.1/extentreports-5.0.1.jar!/com/aventstack/extentreports/templates/spark/macros/log.ftl"
DEBUG   16241   [freemark] (): Couldn't find template in cache for "spark/macros/recurse_nodes.ftl"("en_IN", UTF-8, parsed); will try to load it.
DEBUG   16241   [freemark] (): TemplateLoader.findTemplateSource("spark/macros/recurse_nodes_en_IN.ftl"): Not found
DEBUG   16241   [freemark] (): TemplateLoader.findTemplateSource("spark/macros/recurse_nodes_en.ftl"): Not found
DEBUG   16241   [freemark] (): TemplateLoader.findTemplateSource("spark/macros/recurse_nodes.ftl"): Found
DEBUG   16241   [freemark] (): Loading template for "spark/macros/recurse_nodes.ftl"("en_IN", UTF-8, parsed) from "jar:file:/C:/Users/arunk/.m2/repository/com/aventstack/extentreports/5.0.1/extentreports-5.0.1.jar!/com/aventstack/extentreports/templates/spark/macros/recurse_nodes.ftl"
DEBUG   16241   [freemark] (): "spark/macros/log.ftl"("en_IN", UTF-8, parsed) cached copy not yet stale; using cached.
DEBUG   16241   [freemark] (): Couldn't find template in cache for "spark/partials/head.ftl"("en_IN", UTF-8, parsed); will try to load it.
DEBUG   16241   [freemark] (): TemplateLoader.findTemplateSource("spark/partials/head_en_IN.ftl"): Not found
DEBUG   16241   [freemark] (): TemplateLoader.findTemplateSource("spark/partials/head_en.ftl"): Not found
DEBUG   16241   [freemark] (): TemplateLoader.findTemplateSource("spark/partials/head.ftl"): Found
DEBUG   16241   [freemark] (): Loading template for "spark/partials/head.ftl"("en_IN", UTF-8, parsed) from "jar:file:/C:/Users/arunk/.m2/repository/com/aventstack/extentreports/5.0.1/extentreports-5.0.1.jar!/com/aventstack/extentreports/templates/spark/partials/head.ftl"
DEBUG   16241   [freemark] (): Couldn't find template in cache for "commons/commons-inject-css.ftl"("en_IN", UTF-8, parsed); will try to load it.
DEBUG   16241   [freemark] (): TemplateLoader.findTemplateSource("commons/commons-inject-css_en_IN.ftl"): Not found
DEBUG   16241   [freemark] (): TemplateLoader.findTemplateSource("commons/commons-inject-css_en.ftl"): Not found
DEBUG   16241   [freemark] (): TemplateLoader.findTemplateSource("commons/commons-inject-css.ftl"): Found
DEBUG   16241   [freemark] (): Loading template for "commons/commons-inject-css.ftl"("en_IN", UTF-8, parsed) from "jar:file:/C:/Users/arunk/.m2/repository/com/aventstack/extentreports/5.0.1/extentreports-5.0.1.jar!/com/aventstack/extentreports/templates/commons/commons-inject-css.ftl"
DEBUG   16241   [freemark] (): Couldn't find template in cache for "spark/partials/navbar.ftl"("en_IN", UTF-8, parsed); will try to load it.
DEBUG   16241   [freemark] (): TemplateLoader.findTemplateSource("spark/partials/navbar_en_IN.ftl"): Not found
DEBUG   16241   [freemark] (): TemplateLoader.findTemplateSource("spark/partials/navbar_en.ftl"): Not found
DEBUG   16241   [freemark] (): TemplateLoader.findTemplateSource("spark/partials/navbar.ftl"): Found
DEBUG   16241   [freemark] (): Loading template for "spark/partials/navbar.ftl"("en_IN", UTF-8, parsed) from "jar:file:/C:/Users/arunk/.m2/repository/com/aventstack/extentreports/5.0.1/extentreports-5.0.1.jar!/com/aventstack/extentreports/templates/spark/partials/navbar.ftl"
DEBUG   16241   [freemark] (): Couldn't find template in cache for "spark/partials/sidenav.ftl"("en_IN", UTF-8, parsed); will try to load it.
DEBUG   16241   [freemark] (): TemplateLoader.findTemplateSource("spark/partials/sidenav_en_IN.ftl"): Not found
DEBUG   16241   [freemark] (): TemplateLoader.findTemplateSource("spark/partials/sidenav_en.ftl"): Not found
DEBUG   16241   [freemark] (): TemplateLoader.findTemplateSource("spark/partials/sidenav.ftl"): Found
DEBUG   16241   [freemark] (): Loading template for "spark/partials/sidenav.ftl"("en_IN", UTF-8, parsed) from "jar:file:/C:/Users/arunk/.m2/repository/com/aventstack/extentreports/5.0.1/extentreports-5.0.1.jar!/com/aventstack/extentreports/templates/spark/partials/sidenav.ftl"
DEBUG   16241   [freemark] (): Couldn't find template in cache for "spark/partials/test.ftl"("en_IN", UTF-8, parsed); will try to load it.
DEBUG   16241   [freemark] (): TemplateLoader.findTemplateSource("spark/partials/test_en_IN.ftl"): Not found
DEBUG   16241   [freemark] (): TemplateLoader.findTemplateSource("spark/partials/test_en.ftl"): Not found
DEBUG   16241   [freemark] (): TemplateLoader.findTemplateSource("spark/partials/test.ftl"): Found
DEBUG   16241   [freemark] (): Loading template for "spark/partials/test.ftl"("en_IN", UTF-8, parsed) from "jar:file:/C:/Users/arunk/.m2/repository/com/aventstack/extentreports/5.0.1/extentreports-5.0.1.jar!/com/aventstack/extentreports/templates/spark/partials/test.ftl"
DEBUG   16241   [freemark] (): Couldn't find template in cache for "spark/partials/standard-content.ftl"("en_IN", UTF-8, parsed); will try to load it.
DEBUG   16241   [freemark] (): TemplateLoader.findTemplateSource("spark/partials/standard-content_en_IN.ftl"): Not found
DEBUG   16241   [freemark] (): TemplateLoader.findTemplateSource("spark/partials/standard-content_en.ftl"): Not found
DEBUG   16241   [freemark] (): TemplateLoader.findTemplateSource("spark/partials/standard-content.ftl"): Found
DEBUG   16241   [freemark] (): Loading template for "spark/partials/standard-content.ftl"("en_IN", UTF-8, parsed) from "jar:file:/C:/Users/arunk/.m2/repository/com/aventstack/extentreports/5.0.1/extentreports-5.0.1.jar!/com/aventstack/extentreports/templates/spark/partials/standard-content.ftl"
DEBUG   16241   [freemark] (): Couldn't find template in cache for "spark/partials/exception.ftl"("en_IN", UTF-8, parsed); will try to load it.
DEBUG   16241   [freemark] (): TemplateLoader.findTemplateSource("spark/partials/exception_en_IN.ftl"): Not found
DEBUG   16241   [freemark] (): TemplateLoader.findTemplateSource("spark/partials/exception_en.ftl"): Not found
DEBUG   16241   [freemark] (): TemplateLoader.findTemplateSource("spark/partials/exception.ftl"): Found
DEBUG   16241   [freemark] (): Loading template for "spark/partials/exception.ftl"("en_IN", UTF-8, parsed) from "jar:file:/C:/Users/arunk/.m2/repository/com/aventstack/extentreports/5.0.1/extentreports-5.0.1.jar!/com/aventstack/extentreports/templates/spark/partials/exception.ftl"
DEBUG   16241   [freemark] (): Couldn't find template in cache for "spark/partials/category.ftl"("en_IN", UTF-8, parsed); will try to load it.
DEBUG   16241   [freemark] (): TemplateLoader.findTemplateSource("spark/partials/category_en_IN.ftl"): Not found
DEBUG   16241   [freemark] (): TemplateLoader.findTemplateSource("spark/partials/category_en.ftl"): Not found
DEBUG   16241   [freemark] (): TemplateLoader.findTemplateSource("spark/partials/category.ftl"): Found
DEBUG   16241   [freemark] (): Loading template for "spark/partials/category.ftl"("en_IN", UTF-8, parsed) from "jar:file:/C:/Users/arunk/.m2/repository/com/aventstack/extentreports/5.0.1/extentreports-5.0.1.jar!/com/aventstack/extentreports/templates/spark/partials/category.ftl"
DEBUG   16241   [freemark] (): Couldn't find template in cache for "spark/partials/device.ftl"("en_IN", UTF-8, parsed); will try to load it.
DEBUG   16241   [freemark] (): TemplateLoader.findTemplateSource("spark/partials/device_en_IN.ftl"): Not found
DEBUG   16241   [freemark] (): TemplateLoader.findTemplateSource("spark/partials/device_en.ftl"): Not found
DEBUG   16241   [freemark] (): TemplateLoader.findTemplateSource("spark/partials/device.ftl"): Found
DEBUG   16241   [freemark] (): Loading template for "spark/partials/device.ftl"("en_IN", UTF-8, parsed) from "jar:file:/C:/Users/arunk/.m2/repository/com/aventstack/extentreports/5.0.1/extentreports-5.0.1.jar!/com/aventstack/extentreports/templates/spark/partials/device.ftl"
DEBUG   16241   [freemark] (): Couldn't find template in cache for "spark/partials/author.ftl"("en_IN", UTF-8, parsed); will try to load it.
DEBUG   16241   [freemark] (): TemplateLoader.findTemplateSource("spark/partials/author_en_IN.ftl"): Not found
DEBUG   16241   [freemark] (): TemplateLoader.findTemplateSource("spark/partials/author_en.ftl"): Not found
DEBUG   16241   [freemark] (): TemplateLoader.findTemplateSource("spark/partials/author.ftl"): Found
DEBUG   16241   [freemark] (): Loading template for "spark/partials/author.ftl"("en_IN", UTF-8, parsed) from "jar:file:/C:/Users/arunk/.m2/repository/com/aventstack/extentreports/5.0.1/extentreports-5.0.1.jar!/com/aventstack/extentreports/templates/spark/partials/author.ftl"
DEBUG   16241   [freemark] (): Couldn't find template in cache for "spark/partials/log.ftl"("en_IN", UTF-8, parsed); will try to load it.
DEBUG   16241   [freemark] (): TemplateLoader.findTemplateSource("spark/partials/log_en_IN.ftl"): Not found
DEBUG   16241   [freemark] (): TemplateLoader.findTemplateSource("spark/partials/log_en.ftl"): Not found
DEBUG   16241   [freemark] (): TemplateLoader.findTemplateSource("spark/partials/log.ftl"): Found
DEBUG   16241   [freemark] (): Loading template for "spark/partials/log.ftl"("en_IN", UTF-8, parsed) from "jar:file:/C:/Users/arunk/.m2/repository/com/aventstack/extentreports/5.0.1/extentreports-5.0.1.jar!/com/aventstack/extentreports/templates/spark/partials/log.ftl"
DEBUG   16241   [freemark] (): Couldn't find template in cache for "spark/partials/dashboard.ftl"("en_IN", UTF-8, parsed); will try to load it.
DEBUG   16241   [freemark] (): TemplateLoader.findTemplateSource("spark/partials/dashboard_en_IN.ftl"): Not found
DEBUG   16241   [freemark] (): TemplateLoader.findTemplateSource("spark/partials/dashboard_en.ftl"): Not found
DEBUG   16241   [freemark] (): TemplateLoader.findTemplateSource("spark/partials/dashboard.ftl"): Found
DEBUG   16241   [freemark] (): Loading template for "spark/partials/dashboard.ftl"("en_IN", UTF-8, parsed) from "jar:file:/C:/Users/arunk/.m2/repository/com/aventstack/extentreports/5.0.1/extentreports-5.0.1.jar!/com/aventstack/extentreports/templates/spark/partials/dashboard.ftl"
DEBUG   16241   [freemark] (): Couldn't find template in cache for "spark/partials/scripts.ftl"("en_IN", UTF-8, parsed); will try to load it.
DEBUG   16241   [freemark] (): TemplateLoader.findTemplateSource("spark/partials/scripts_en_IN.ftl"): Not found
DEBUG   16241   [freemark] (): TemplateLoader.findTemplateSource("spark/partials/scripts_en.ftl"): Not found
DEBUG   16241   [freemark] (): TemplateLoader.findTemplateSource("spark/partials/scripts.ftl"): Found
DEBUG   16241   [freemark] (): Loading template for "spark/partials/scripts.ftl"("en_IN", UTF-8, parsed) from "jar:file:/C:/Users/arunk/.m2/repository/com/aventstack/extentreports/5.0.1/extentreports-5.0.1.jar!/com/aventstack/extentreports/templates/spark/partials/scripts.ftl"
DEBUG   16241   [freemark] (): Couldn't find template in cache for "commons/commons-inject-js.ftl"("en_IN", UTF-8, parsed); will try to load it.
DEBUG   16241   [freemark] (): TemplateLoader.findTemplateSource("commons/commons-inject-js_en_IN.ftl"): Not found
DEBUG   16241   [freemark] (): TemplateLoader.findTemplateSource("commons/commons-inject-js_en.ftl"): Not found
DEBUG   16241   [freemark] (): TemplateLoader.findTemplateSource("commons/commons-inject-js.ftl"): Found
DEBUG   16241   [freemark] (): Loading template for "commons/commons-inject-js.ftl"("en_IN", UTF-8, parsed) from "jar:file:/C:/Users/arunk/.m2/repository/com/aventstack/extentreports/5.0.1/extentreports-5.0.1.jar!/com/aventstack/extentreports/templates/commons/commons-inject-js.ftl"
on startorg.testng.TestRunner@2eda072
3
4
]]></system-out>
  </testcase>
  <testcase name="addCustomer[Mark, STAN, 986954D, Customer added successfully with customer id :](2)" classname="com.TRY.testcases.AddCustomerTest" time="0.484"/>
  <testcase name="openAccTest[Arun, HOPE, Dollar](1)" classname="com.TRY.testcases.OpenAccountTest" time="1.019">
    <system-out><![CDATA[DEBUG   16241   [freemark] (): "spark/spark.spa.ftl"("en_IN", UTF-8, parsed) cached copy not yet stale; using cached.
DEBUG   16241   [freemark] (): "commons/commons-variables.ftl"("en_IN", UTF-8, parsed) cached copy not yet stale; using cached.
DEBUG   16241   [freemark] (): "commons/commons-macros.ftl"("en_IN", UTF-8, parsed) cached copy not yet stale; using cached.
DEBUG   16241   [freemark] (): "spark/macros/attributes.ftl"("en_IN", UTF-8, parsed) cached copy not yet stale; using cached.
DEBUG   16241   [freemark] (): "spark/macros/log.ftl"("en_IN", UTF-8, parsed) cached copy not yet stale; using cached.
DEBUG   16241   [freemark] (): "spark/macros/recurse_nodes.ftl"("en_IN", UTF-8, parsed) cached copy not yet stale; using cached.
DEBUG   16241   [freemark] (): "spark/macros/log.ftl"("en_IN", UTF-8, parsed) cached copy not yet stale; using cached.
DEBUG   16241   [freemark] (): "spark/partials/head.ftl"("en_IN", UTF-8, parsed) cached copy not yet stale; using cached.
DEBUG   16241   [freemark] (): "commons/commons-inject-css.ftl"("en_IN", UTF-8, parsed) cached copy not yet stale; using cached.
DEBUG   16241   [freemark] (): "spark/partials/navbar.ftl"("en_IN", UTF-8, parsed) cached copy not yet stale; using cached.
DEBUG   16241   [freemark] (): "spark/partials/sidenav.ftl"("en_IN", UTF-8, parsed) cached copy not yet stale; using cached.
DEBUG   16241   [freemark] (): "spark/partials/test.ftl"("en_IN", UTF-8, parsed) cached copy not yet stale; using cached.
DEBUG   16241   [freemark] (): "spark/partials/standard-content.ftl"("en_IN", UTF-8, parsed) cached copy not yet stale; using cached.
DEBUG   16241   [freemark] (): "spark/partials/standard-content.ftl"("en_IN", UTF-8, parsed) cached copy not yet stale; using cached.
DEBUG   16241   [freemark] (): "spark/partials/standard-content.ftl"("en_IN", UTF-8, parsed) cached copy not yet stale; using cached.
DEBUG   16241   [freemark] (): "spark/partials/exception.ftl"("en_IN", UTF-8, parsed) cached copy not yet stale; using cached.
DEBUG   16241   [freemark] (): "spark/partials/category.ftl"("en_IN", UTF-8, parsed) cached copy not yet stale; using cached.
DEBUG   16241   [freemark] (): "spark/partials/device.ftl"("en_IN", UTF-8, parsed) cached copy not yet stale; using cached.
DEBUG   16241   [freemark] (): "spark/partials/author.ftl"("en_IN", UTF-8, parsed) cached copy not yet stale; using cached.
DEBUG   16241   [freemark] (): "spark/partials/log.ftl"("en_IN", UTF-8, parsed) cached copy not yet stale; using cached.
DEBUG   16241   [freemark] (): "spark/partials/dashboard.ftl"("en_IN", UTF-8, parsed) cached copy not yet stale; using cached.
DEBUG   16241   [freemark] (): "spark/partials/scripts.ftl"("en_IN", UTF-8, parsed) cached copy not yet stale; using cached.
DEBUG   16241   [freemark] (): "commons/commons-inject-js.ftl"("en_IN", UTF-8, parsed) cached copy not yet stale; using cached.
on startorg.testng.TestRunner@4cb957b8
2
3
Arun HOPE
]]></system-out>
  </testcase>
</testsuite>