<?xml version="1.0" encoding="UTF-8"?>
<testng-results ignored="0" total="4" passed="4" failed="0" skipped="0">
  <reporter-output>
    <line>
      <![CDATA[done login]]>
    </line>
    <line>
      <![CDATA[done login]]>
    </line>
    <line>
      <![CDATA[<br>Verification Done : <br>]]>
    </line>
    <line>
      <![CDATA[<br>Verification Done : <br>]]>
    </line>
  </reporter-output>
  <suite started-at="2021-06-20T10:05:38Z" name="Basic Automation test" finished-at="2021-06-20T10:05:40Z" duration-ms="2829">
    <groups>
    </groups>
    <test started-at="2021-06-20T10:05:38Z" name="Bank Manager Login Test" finished-at="2021-06-20T10:05:38Z" duration-ms="316">
      <class name="com.TRY.testcases.LoginTest">
        <test-method signature="loginAsManger()[pri:0, instance:com.TRY.testcases.LoginTest@393881f0]" started-at="2021-06-20T10:05:38Z" name="loginAsManger" finished-at="2021-06-20T10:05:38Z" duration-ms="295" status="PASS">
          <reporter-output>
          </reporter-output>
        </test-method> <!-- loginAsManger -->
      </class> <!-- com.TRY.testcases.LoginTest -->
    </test> <!-- Bank Manager Login Test -->
    <test started-at="2021-06-20T10:05:38Z" name="Add Customer BM login" finished-at="2021-06-20T10:05:39Z" duration-ms="966">
      <class name="com.TRY.testcases.AddCustomerTest">
        <test-method signature="addCustomer(java.lang.String, java.lang.String, java.lang.String, java.lang.String)[pri:0, instance:com.TRY.testcases.AddCustomerTest@61799544]" started-at="2021-06-20T10:05:38Z" name="addCustomer" data-provider="value" finished-at="2021-06-20T10:05:39Z" duration-ms="440" status="PASS">
          <params>
            <param index="0">
              <value>
                <![CDATA[Arun]]>
              </value>
            </param>
            <param index="1">
              <value>
                <![CDATA[HOPE]]>
              </value>
            </param>
            <param index="2">
              <value>
                <![CDATA[673634.0]]>
              </value>
            </param>
            <param index="3">
              <value>
                <![CDATA[Customer added successfully with customer id :]]>
              </value>
            </param>
          </params>
          <reporter-output>
            <line>
              <![CDATA[done login]]>
            </line>
          </reporter-output>
        </test-method> <!-- addCustomer -->
        <test-method signature="addCustomer(java.lang.String, java.lang.String, java.lang.String, java.lang.String)[pri:0, instance:com.TRY.testcases.AddCustomerTest@61799544]" started-at="2021-06-20T10:05:39Z" name="addCustomer" data-provider="value" finished-at="2021-06-20T10:05:39Z" duration-ms="483" status="PASS">
          <params>
            <param index="0">
              <value>
                <![CDATA[Mark]]>
              </value>
            </param>
            <param index="1">
              <value>
                <![CDATA[STAN]]>
              </value>
            </param>
            <param index="2">
              <value>
                <![CDATA[986954D]]>
              </value>
            </param>
            <param index="3">
              <value>
                <![CDATA[Customer added successfully with customer id :]]>
              </value>
            </param>
          </params>
          <reporter-output>
            <line>
              <![CDATA[done login]]>
            </line>
          </reporter-output>
        </test-method> <!-- addCustomer -->
      </class> <!-- com.TRY.testcases.AddCustomerTest -->
    </test> <!-- Add Customer BM login -->
    <test started-at="2021-06-20T10:05:39Z" name="Open accounts" finished-at="2021-06-20T10:05:40Z" duration-ms="1031">
      <class name="com.TRY.testcases.OpenAccountTest">
        <test-method is-config="true" signature="tearup()[pri:0, instance:com.TRY.testcases.OpenAccountTest@43effd89]" started-at="2021-06-20T10:05:31Z" name="tearup" finished-at="2021-06-20T10:05:38Z" duration-ms="6625" status="PASS">
          <reporter-output>
          </reporter-output>
        </test-method> <!-- tearup -->
        <test-method signature="openAccTest(java.lang.String, java.lang.String, java.lang.String)[pri:0, instance:com.TRY.testcases.OpenAccountTest@43effd89]" started-at="2021-06-20T10:05:39Z" name="openAccTest" data-provider="value" finished-at="2021-06-20T10:05:40Z" duration-ms="1029" status="PASS">
          <params>
            <param index="0">
              <value>
                <![CDATA[Arun]]>
              </value>
            </param>
            <param index="1">
              <value>
                <![CDATA[HOPE]]>
              </value>
            </param>
            <param index="2">
              <value>
                <![CDATA[Dollar]]>
              </value>
            </param>
          </params>
          <reporter-output>
            <line>
              <![CDATA[<br>Verification Done : <br>]]>
            </line>
            <line>
              <![CDATA[<br>Verification Done : <br>]]>
            </line>
          </reporter-output>
        </test-method> <!-- openAccTest -->
        <test-method is-config="true" signature="tearDown()[pri:0, instance:com.TRY.testcases.OpenAccountTest@43effd89]" started-at="2021-06-20T10:05:40Z" name="tearDown" finished-at="2021-06-20T10:05:41Z" duration-ms="801" status="PASS">
          <reporter-output>
          </reporter-output>
        </test-method> <!-- tearDown -->
      </class> <!-- com.TRY.testcases.OpenAccountTest -->
    </test> <!-- Open accounts -->
  </suite> <!-- Basic Automation test -->
</testng-results>
